The system is: Darwin - 16.7.0 - x86_64
Compiling the C compiler identification source file "CMakeCCompilerId.c" succeeded.
Compiler: /Applications/Xcode.app/Contents/Developer/Toolchains/XcodeDefault.xctoolchain/usr/bin/cc 
Build flags: 
Id flags:  

The output was:
0


Compilation of the C compiler identification source "CMakeCCompilerId.c" produced "a.out"

The C compiler identification is AppleClang, found in "/Users/nrouzeva/Documents/42_PJ/Soon_engine/cmake-build-debug/CMakeFiles/3.14.2/CompilerIdC/a.out"

Compiling the CXX compiler identification source file "CMakeCXXCompilerId.cpp" succeeded.
Compiler: /Users/nrouzeva/.brew/Cellar/gcc/8.3.0/bin/g++-8 
Build flags: 
Id flags:  

The output was:
0


Compilation of the CXX compiler identification source "CMakeCXXCompilerId.cpp" produced "a.out"

The CXX compiler identification is GNU, found in "/Users/nrouzeva/Documents/42_PJ/Soon_engine/cmake-build-debug/CMakeFiles/3.14.2/CompilerIdCXX/a.out"

Determining if the C compiler works passed with the following output:
Change Dir: /Users/nrouzeva/Documents/42_PJ/Soon_engine/cmake-build-debug/CMakeFiles/CMakeTmp

Run Build Command(s):/usr/bin/make cmTC_9f5f5/fast 
/Applications/Xcode.app/Contents/Developer/usr/bin/make -f CMakeFiles/cmTC_9f5f5.dir/build.make CMakeFiles/cmTC_9f5f5.dir/build
Building C object CMakeFiles/cmTC_9f5f5.dir/testCCompiler.c.o
/Applications/Xcode.app/Contents/Developer/Toolchains/XcodeDefault.xctoolchain/usr/bin/cc    -o CMakeFiles/cmTC_9f5f5.dir/testCCompiler.c.o   -c /Users/nrouzeva/Documents/42_PJ/Soon_engine/cmake-build-debug/CMakeFiles/CMakeTmp/testCCompiler.c
Linking C executable cmTC_9f5f5
/Applications/CLion.app/Contents/bin/cmake/mac/bin/cmake -E cmake_link_script CMakeFiles/cmTC_9f5f5.dir/link.txt --verbose=1
/Applications/Xcode.app/Contents/Developer/Toolchains/XcodeDefault.xctoolchain/usr/bin/cc   -Wl,-search_paths_first -Wl,-headerpad_max_install_names   CMakeFiles/cmTC_9f5f5.dir/testCCompiler.c.o  -o cmTC_9f5f5 


Detecting C compiler ABI info compiled with the following output:
Change Dir: /Users/nrouzeva/Documents/42_PJ/Soon_engine/cmake-build-debug/CMakeFiles/CMakeTmp

Run Build Command(s):/usr/bin/make cmTC_30b71/fast 
/Applications/Xcode.app/Contents/Developer/usr/bin/make -f CMakeFiles/cmTC_30b71.dir/build.make CMakeFiles/cmTC_30b71.dir/build
Building C object CMakeFiles/cmTC_30b71.dir/CMakeCCompilerABI.c.o
/Applications/Xcode.app/Contents/Developer/Toolchains/XcodeDefault.xctoolchain/usr/bin/cc   -v -Wl,-v -o CMakeFiles/cmTC_30b71.dir/CMakeCCompilerABI.c.o   -c /Applications/CLion.app/Contents/bin/cmake/mac/share/cmake-3.14/Modules/CMakeCCompilerABI.c
Apple LLVM version 9.0.0 (clang-900.0.39.2)
Target: x86_64-apple-darwin16.7.0
Thread model: posix
InstalledDir: /Applications/Xcode.app/Contents/Developer/Toolchains/XcodeDefault.xctoolchain/usr/bin
clang: warning: -Wl,-v: 'linker' input unused [-Wunused-command-line-argument]
 "/Applications/Xcode.app/Contents/Developer/Toolchains/XcodeDefault.xctoolchain/usr/bin/clang" -cc1 -triple x86_64-apple-macosx10.12.0 -Wdeprecated-objc-isa-usage -Werror=deprecated-objc-isa-usage -emit-obj -mrelax-all -disable-free -disable-llvm-verifier -discard-value-names -main-file-name CMakeCCompilerABI.c -mrelocation-model pic -pic-level 2 -mthread-model posix -mdisable-fp-elim -fno-strict-return -masm-verbose -munwind-tables -target-cpu penryn -target-linker-version 305 -v -dwarf-column-info -debugger-tuning=lldb -coverage-notes-file /Users/nrouzeva/Documents/42_PJ/Soon_engine/cmake-build-debug/CMakeFiles/CMakeTmp/CMakeFiles/cmTC_30b71.dir/CMakeCCompilerABI.c.gcno -resource-dir /Applications/Xcode.app/Contents/Developer/Toolchains/XcodeDefault.xctoolchain/usr/lib/clang/9.0.0 -fdebug-compilation-dir /Users/nrouzeva/Documents/42_PJ/Soon_engine/cmake-build-debug/CMakeFiles/CMakeTmp -ferror-limit 19 -fmessage-length 0 -stack-protector 1 -fblocks -fobjc-runtime=macosx-10.12.0 -fencode-extended-block-signature -fmax-type-align=16 -fdiagnostics-show-option -o CMakeFiles/cmTC_30b71.dir/CMakeCCompilerABI.c.o -x c /Applications/CLion.app/Contents/bin/cmake/mac/share/cmake-3.14/Modules/CMakeCCompilerABI.c
clang -cc1 version 9.0.0 (clang-900.0.39.2) default target x86_64-apple-darwin16.7.0
#include "..." search starts here:
#include <...> search starts here:
 /usr/local/include
 /Applications/Xcode.app/Contents/Developer/Toolchains/XcodeDefault.xctoolchain/usr/lib/clang/9.0.0/include
 /Applications/Xcode.app/Contents/Developer/Toolchains/XcodeDefault.xctoolchain/usr/include
 /usr/include
 /System/Library/Frameworks (framework directory)
 /Library/Frameworks (framework directory)
End of search list.
Linking C executable cmTC_30b71
/Applications/CLion.app/Contents/bin/cmake/mac/bin/cmake -E cmake_link_script CMakeFiles/cmTC_30b71.dir/link.txt --verbose=1
/Applications/Xcode.app/Contents/Developer/Toolchains/XcodeDefault.xctoolchain/usr/bin/cc   -Wl,-search_paths_first -Wl,-headerpad_max_install_names  -v -Wl,-v CMakeFiles/cmTC_30b71.dir/CMakeCCompilerABI.c.o  -o cmTC_30b71 
Apple LLVM version 9.0.0 (clang-900.0.39.2)
Target: x86_64-apple-darwin16.7.0
Thread model: posix
InstalledDir: /Applications/Xcode.app/Contents/Developer/Toolchains/XcodeDefault.xctoolchain/usr/bin
 "/Applications/Xcode.app/Contents/Developer/Toolchains/XcodeDefault.xctoolchain/usr/bin/ld" -demangle -lto_library /Applications/Xcode.app/Contents/Developer/Toolchains/XcodeDefault.xctoolchain/usr/lib/libLTO.dylib -dynamic -arch x86_64 -macosx_version_min 10.12.0 -o cmTC_30b71 -search_paths_first -headerpad_max_install_names -v CMakeFiles/cmTC_30b71.dir/CMakeCCompilerABI.c.o -L/Users/nrouzeva/.brew/lib -lSystem /Applications/Xcode.app/Contents/Developer/Toolchains/XcodeDefault.xctoolchain/usr/lib/clang/9.0.0/lib/darwin/libclang_rt.osx.a
@(#)PROGRAM:ld  PROJECT:ld64-305
configured to support archs: armv6 armv7 armv7s arm64 i386 x86_64 x86_64h armv6m armv7k armv7m armv7em (tvOS)
Library search paths:
	/Users/nrouzeva/.brew/lib
	/usr/lib
	/usr/local/lib
Framework search paths:
	/Library/Frameworks/
	/System/Library/Frameworks/


Parsed C implicit include dir info from above output: rv=done
  found start of include info
  found start of implicit include info
    add: [/usr/local/include]
    add: [/Applications/Xcode.app/Contents/Developer/Toolchains/XcodeDefault.xctoolchain/usr/lib/clang/9.0.0/include]
    add: [/Applications/Xcode.app/Contents/Developer/Toolchains/XcodeDefault.xctoolchain/usr/include]
    add: [/usr/include]
  end of search list found
  collapse include dir [/usr/local/include] ==> [/usr/local/include]
  collapse include dir [/Applications/Xcode.app/Contents/Developer/Toolchains/XcodeDefault.xctoolchain/usr/lib/clang/9.0.0/include] ==> [/Applications/Xcode.app/Contents/Developer/Toolchains/XcodeDefault.xctoolchain/usr/lib/clang/9.0.0/include]
  collapse include dir [/Applications/Xcode.app/Contents/Developer/Toolchains/XcodeDefault.xctoolchain/usr/include] ==> [/Applications/Xcode.app/Contents/Developer/Toolchains/XcodeDefault.xctoolchain/usr/include]
  collapse include dir [/usr/include] ==> [/usr/include]
  implicit include dirs: [/usr/local/include;/Applications/Xcode.app/Contents/Developer/Toolchains/XcodeDefault.xctoolchain/usr/lib/clang/9.0.0/include;/Applications/Xcode.app/Contents/Developer/Toolchains/XcodeDefault.xctoolchain/usr/include;/usr/include]


Parsed C implicit link information from above output:
  link line regex: [^( *|.*[/\])(ld|CMAKE_LINK_STARTFILE-NOTFOUND|([^/\]+-)?ld|collect2)[^/\]*( |$)]
  ignore line: [Change Dir: /Users/nrouzeva/Documents/42_PJ/Soon_engine/cmake-build-debug/CMakeFiles/CMakeTmp]
  ignore line: []
  ignore line: [Run Build Command(s):/usr/bin/make cmTC_30b71/fast ]
  ignore line: [/Applications/Xcode.app/Contents/Developer/usr/bin/make -f CMakeFiles/cmTC_30b71.dir/build.make CMakeFiles/cmTC_30b71.dir/build]
  ignore line: [Building C object CMakeFiles/cmTC_30b71.dir/CMakeCCompilerABI.c.o]
  ignore line: [/Applications/Xcode.app/Contents/Developer/Toolchains/XcodeDefault.xctoolchain/usr/bin/cc   -v -Wl,-v -o CMakeFiles/cmTC_30b71.dir/CMakeCCompilerABI.c.o   -c /Applications/CLion.app/Contents/bin/cmake/mac/share/cmake-3.14/Modules/CMakeCCompilerABI.c]
  ignore line: [Apple LLVM version 9.0.0 (clang-900.0.39.2)]
  ignore line: [Target: x86_64-apple-darwin16.7.0]
  ignore line: [Thread model: posix]
  ignore line: [InstalledDir: /Applications/Xcode.app/Contents/Developer/Toolchains/XcodeDefault.xctoolchain/usr/bin]
  ignore line: [clang: warning: -Wl,-v: 'linker' input unused [-Wunused-command-line-argument]]
  ignore line: [ "/Applications/Xcode.app/Contents/Developer/Toolchains/XcodeDefault.xctoolchain/usr/bin/clang" -cc1 -triple x86_64-apple-macosx10.12.0 -Wdeprecated-objc-isa-usage -Werror=deprecated-objc-isa-usage -emit-obj -mrelax-all -disable-free -disable-llvm-verifier -discard-value-names -main-file-name CMakeCCompilerABI.c -mrelocation-model pic -pic-level 2 -mthread-model posix -mdisable-fp-elim -fno-strict-return -masm-verbose -munwind-tables -target-cpu penryn -target-linker-version 305 -v -dwarf-column-info -debugger-tuning=lldb -coverage-notes-file /Users/nrouzeva/Documents/42_PJ/Soon_engine/cmake-build-debug/CMakeFiles/CMakeTmp/CMakeFiles/cmTC_30b71.dir/CMakeCCompilerABI.c.gcno -resource-dir /Applications/Xcode.app/Contents/Developer/Toolchains/XcodeDefault.xctoolchain/usr/lib/clang/9.0.0 -fdebug-compilation-dir /Users/nrouzeva/Documents/42_PJ/Soon_engine/cmake-build-debug/CMakeFiles/CMakeTmp -ferror-limit 19 -fmessage-length 0 -stack-protector 1 -fblocks -fobjc-runtime=macosx-10.12.0 -fencode-extended-block-signature -fmax-type-align=16 -fdiagnostics-show-option -o CMakeFiles/cmTC_30b71.dir/CMakeCCompilerABI.c.o -x c /Applications/CLion.app/Contents/bin/cmake/mac/share/cmake-3.14/Modules/CMakeCCompilerABI.c]
  ignore line: [clang -cc1 version 9.0.0 (clang-900.0.39.2) default target x86_64-apple-darwin16.7.0]
  ignore line: [#include "..." search starts here:]
  ignore line: [#include <...> search starts here:]
  ignore line: [ /usr/local/include]
  ignore line: [ /Applications/Xcode.app/Contents/Developer/Toolchains/XcodeDefault.xctoolchain/usr/lib/clang/9.0.0/include]
  ignore line: [ /Applications/Xcode.app/Contents/Developer/Toolchains/XcodeDefault.xctoolchain/usr/include]
  ignore line: [ /usr/include]
  ignore line: [ /System/Library/Frameworks (framework directory)]
  ignore line: [ /Library/Frameworks (framework directory)]
  ignore line: [End of search list.]
  ignore line: [Linking C executable cmTC_30b71]
  ignore line: [/Applications/CLion.app/Contents/bin/cmake/mac/bin/cmake -E cmake_link_script CMakeFiles/cmTC_30b71.dir/link.txt --verbose=1]
  ignore line: [/Applications/Xcode.app/Contents/Developer/Toolchains/XcodeDefault.xctoolchain/usr/bin/cc   -Wl,-search_paths_first -Wl,-headerpad_max_install_names  -v -Wl,-v CMakeFiles/cmTC_30b71.dir/CMakeCCompilerABI.c.o  -o cmTC_30b71 ]
  ignore line: [Apple LLVM version 9.0.0 (clang-900.0.39.2)]
  ignore line: [Target: x86_64-apple-darwin16.7.0]
  ignore line: [Thread model: posix]
  ignore line: [InstalledDir: /Applications/Xcode.app/Contents/Developer/Toolchains/XcodeDefault.xctoolchain/usr/bin]
  link line: [ "/Applications/Xcode.app/Contents/Developer/Toolchains/XcodeDefault.xctoolchain/usr/bin/ld" -demangle -lto_library /Applications/Xcode.app/Contents/Developer/Toolchains/XcodeDefault.xctoolchain/usr/lib/libLTO.dylib -dynamic -arch x86_64 -macosx_version_min 10.12.0 -o cmTC_30b71 -search_paths_first -headerpad_max_install_names -v CMakeFiles/cmTC_30b71.dir/CMakeCCompilerABI.c.o -L/Users/nrouzeva/.brew/lib -lSystem /Applications/Xcode.app/Contents/Developer/Toolchains/XcodeDefault.xctoolchain/usr/lib/clang/9.0.0/lib/darwin/libclang_rt.osx.a]
    arg [/Applications/Xcode.app/Contents/Developer/Toolchains/XcodeDefault.xctoolchain/usr/bin/ld] ==> ignore
    arg [-demangle] ==> ignore
    arg [-lto_library] ==> ignore, skip following value
    arg [/Applications/Xcode.app/Contents/Developer/Toolchains/XcodeDefault.xctoolchain/usr/lib/libLTO.dylib] ==> skip value of -lto_library
    arg [-dynamic] ==> ignore
    arg [-arch] ==> ignore
    arg [x86_64] ==> ignore
    arg [-macosx_version_min] ==> ignore
    arg [10.12.0] ==> ignore
    arg [-o] ==> ignore
    arg [cmTC_30b71] ==> ignore
    arg [-search_paths_first] ==> ignore
    arg [-headerpad_max_install_names] ==> ignore
    arg [-v] ==> ignore
    arg [CMakeFiles/cmTC_30b71.dir/CMakeCCompilerABI.c.o] ==> ignore
    arg [-L/Users/nrouzeva/.brew/lib] ==> dir [/Users/nrouzeva/.brew/lib]
    arg [-lSystem] ==> lib [System]
    arg [/Applications/Xcode.app/Contents/Developer/Toolchains/XcodeDefault.xctoolchain/usr/lib/clang/9.0.0/lib/darwin/libclang_rt.osx.a] ==> lib [/Applications/Xcode.app/Contents/Developer/Toolchains/XcodeDefault.xctoolchain/usr/lib/clang/9.0.0/lib/darwin/libclang_rt.osx.a]
  Library search paths: [;/Users/nrouzeva/.brew/lib;/usr/lib;/usr/local/lib]
  Framework search paths: [;/Library/Frameworks/;/System/Library/Frameworks/]
  remove lib [System]
  remove lib [/Applications/Xcode.app/Contents/Developer/Toolchains/XcodeDefault.xctoolchain/usr/lib/clang/9.0.0/lib/darwin/libclang_rt.osx.a]
  collapse library dir [/Users/nrouzeva/.brew/lib] ==> [/Users/nrouzeva/.brew/lib]
  collapse library dir [/Users/nrouzeva/.brew/lib] ==> [/Users/nrouzeva/.brew/lib]
  collapse library dir [/usr/lib] ==> [/usr/lib]
  collapse library dir [/usr/local/lib] ==> [/usr/local/lib]
  collapse framework dir [/Library/Frameworks/] ==> [/Library/Frameworks]
  collapse framework dir [/System/Library/Frameworks/] ==> [/System/Library/Frameworks]
  implicit libs: []
  implicit dirs: [/Users/nrouzeva/.brew/lib;/usr/lib;/usr/local/lib]
  implicit fwks: [/Library/Frameworks;/System/Library/Frameworks]




Detecting C [-std=c11] compiler features compiled with the following output:
Change Dir: /Users/nrouzeva/Documents/42_PJ/Soon_engine/cmake-build-debug/CMakeFiles/CMakeTmp

Run Build Command(s):/usr/bin/make cmTC_51ca3/fast 
/Applications/Xcode.app/Contents/Developer/usr/bin/make -f CMakeFiles/cmTC_51ca3.dir/build.make CMakeFiles/cmTC_51ca3.dir/build
Building C object CMakeFiles/cmTC_51ca3.dir/feature_tests.c.o
/Applications/Xcode.app/Contents/Developer/Toolchains/XcodeDefault.xctoolchain/usr/bin/cc   -std=c11 -o CMakeFiles/cmTC_51ca3.dir/feature_tests.c.o   -c /Users/nrouzeva/Documents/42_PJ/Soon_engine/cmake-build-debug/CMakeFiles/feature_tests.c
Linking C executable cmTC_51ca3
/Applications/CLion.app/Contents/bin/cmake/mac/bin/cmake -E cmake_link_script CMakeFiles/cmTC_51ca3.dir/link.txt --verbose=1
/Applications/Xcode.app/Contents/Developer/Toolchains/XcodeDefault.xctoolchain/usr/bin/cc   -Wl,-search_paths_first -Wl,-headerpad_max_install_names   CMakeFiles/cmTC_51ca3.dir/feature_tests.c.o  -o cmTC_51ca3 


    Feature record: C_FEATURE:1c_function_prototypes
    Feature record: C_FEATURE:1c_restrict
    Feature record: C_FEATURE:1c_static_assert
    Feature record: C_FEATURE:1c_variadic_macros


Detecting C [-std=c99] compiler features compiled with the following output:
Change Dir: /Users/nrouzeva/Documents/42_PJ/Soon_engine/cmake-build-debug/CMakeFiles/CMakeTmp

Run Build Command(s):/usr/bin/make cmTC_2572c/fast 
/Applications/Xcode.app/Contents/Developer/usr/bin/make -f CMakeFiles/cmTC_2572c.dir/build.make CMakeFiles/cmTC_2572c.dir/build
Building C object CMakeFiles/cmTC_2572c.dir/feature_tests.c.o
/Applications/Xcode.app/Contents/Developer/Toolchains/XcodeDefault.xctoolchain/usr/bin/cc   -std=c99 -o CMakeFiles/cmTC_2572c.dir/feature_tests.c.o   -c /Users/nrouzeva/Documents/42_PJ/Soon_engine/cmake-build-debug/CMakeFiles/feature_tests.c
Linking C executable cmTC_2572c
/Applications/CLion.app/Contents/bin/cmake/mac/bin/cmake -E cmake_link_script CMakeFiles/cmTC_2572c.dir/link.txt --verbose=1
/Applications/Xcode.app/Contents/Developer/Toolchains/XcodeDefault.xctoolchain/usr/bin/cc   -Wl,-search_paths_first -Wl,-headerpad_max_install_names   CMakeFiles/cmTC_2572c.dir/feature_tests.c.o  -o cmTC_2572c 


    Feature record: C_FEATURE:1c_function_prototypes
    Feature record: C_FEATURE:1c_restrict
    Feature record: C_FEATURE:0c_static_assert
    Feature record: C_FEATURE:1c_variadic_macros


Detecting C [-std=c90] compiler features compiled with the following output:
Change Dir: /Users/nrouzeva/Documents/42_PJ/Soon_engine/cmake-build-debug/CMakeFiles/CMakeTmp

Run Build Command(s):/usr/bin/make cmTC_4c09a/fast 
/Applications/Xcode.app/Contents/Developer/usr/bin/make -f CMakeFiles/cmTC_4c09a.dir/build.make CMakeFiles/cmTC_4c09a.dir/build
Building C object CMakeFiles/cmTC_4c09a.dir/feature_tests.c.o
/Applications/Xcode.app/Contents/Developer/Toolchains/XcodeDefault.xctoolchain/usr/bin/cc   -std=c90 -o CMakeFiles/cmTC_4c09a.dir/feature_tests.c.o   -c /Users/nrouzeva/Documents/42_PJ/Soon_engine/cmake-build-debug/CMakeFiles/feature_tests.c
Linking C executable cmTC_4c09a
/Applications/CLion.app/Contents/bin/cmake/mac/bin/cmake -E cmake_link_script CMakeFiles/cmTC_4c09a.dir/link.txt --verbose=1
/Applications/Xcode.app/Contents/Developer/Toolchains/XcodeDefault.xctoolchain/usr/bin/cc   -Wl,-search_paths_first -Wl,-headerpad_max_install_names   CMakeFiles/cmTC_4c09a.dir/feature_tests.c.o  -o cmTC_4c09a 


    Feature record: C_FEATURE:1c_function_prototypes
    Feature record: C_FEATURE:0c_restrict
    Feature record: C_FEATURE:0c_static_assert
    Feature record: C_FEATURE:0c_variadic_macros
Determining if the CXX compiler works passed with the following output:
Change Dir: /Users/nrouzeva/Documents/42_PJ/Soon_engine/cmake-build-debug/CMakeFiles/CMakeTmp

Run Build Command(s):/usr/bin/make cmTC_2093d/fast 
/Applications/Xcode.app/Contents/Developer/usr/bin/make -f CMakeFiles/cmTC_2093d.dir/build.make CMakeFiles/cmTC_2093d.dir/build
Building CXX object CMakeFiles/cmTC_2093d.dir/testCXXCompiler.cxx.o
/Users/nrouzeva/.brew/Cellar/gcc/8.3.0/bin/g++-8    -std=gnu++11 -o CMakeFiles/cmTC_2093d.dir/testCXXCompiler.cxx.o -c /Users/nrouzeva/Documents/42_PJ/Soon_engine/cmake-build-debug/CMakeFiles/CMakeTmp/testCXXCompiler.cxx
Linking CXX executable cmTC_2093d
/Applications/CLion.app/Contents/bin/cmake/mac/bin/cmake -E cmake_link_script CMakeFiles/cmTC_2093d.dir/link.txt --verbose=1
/Users/nrouzeva/.brew/Cellar/gcc/8.3.0/bin/g++-8    -Wl,-search_paths_first -Wl,-headerpad_max_install_names   CMakeFiles/cmTC_2093d.dir/testCXXCompiler.cxx.o  -o cmTC_2093d 


Detecting CXX compiler ABI info compiled with the following output:
Change Dir: /Users/nrouzeva/Documents/42_PJ/Soon_engine/cmake-build-debug/CMakeFiles/CMakeTmp

Run Build Command(s):/usr/bin/make cmTC_67e69/fast 
/Applications/Xcode.app/Contents/Developer/usr/bin/make -f CMakeFiles/cmTC_67e69.dir/build.make CMakeFiles/cmTC_67e69.dir/build
Building CXX object CMakeFiles/cmTC_67e69.dir/CMakeCXXCompilerABI.cpp.o
/Users/nrouzeva/.brew/Cellar/gcc/8.3.0/bin/g++-8    -v -Wl,-v -std=gnu++11 -o CMakeFiles/cmTC_67e69.dir/CMakeCXXCompilerABI.cpp.o -c /Applications/CLion.app/Contents/bin/cmake/mac/share/cmake-3.14/Modules/CMakeCXXCompilerABI.cpp
Using built-in specs.
COLLECT_GCC=/Users/nrouzeva/.brew/Cellar/gcc/8.3.0/bin/g++-8
Target: x86_64-apple-darwin16.7.0
Configured with: ../configure --build=x86_64-apple-darwin16.7.0 --prefix=/Users/nrouzeva/.brew/Cellar/gcc/8.3.0 --libdir=/Users/nrouzeva/.brew/Cellar/gcc/8.3.0/lib/gcc/8 --disable-nls --enable-checking=release --enable-languages=c,c++,objc,obj-c++,fortran --program-suffix=-8 --with-gmp=/Users/nrouzeva/.brew/opt/gmp --with-mpfr=/Users/nrouzeva/.brew/opt/mpfr --with-mpc=/Users/nrouzeva/.brew/opt/libmpc --with-isl=/Users/nrouzeva/.brew/opt/isl --with-system-zlib --with-pkgversion='Homebrew GCC 8.3.0' --with-bugurl=https://github.com/Homebrew/homebrew-core/issues
Thread model: posix
gcc version 8.3.0 (Homebrew GCC 8.3.0) 
COLLECT_GCC_OPTIONS='-v' '-std=gnu++11' '-o' 'CMakeFiles/cmTC_67e69.dir/CMakeCXXCompilerABI.cpp.o' '-c' '-mmacosx-version-min=10.12.0' '-asm_macosx_version_min=10.12' '-shared-libgcc' '-mtune=core2'
 /Users/nrouzeva/.brew/Cellar/gcc/8.3.0/libexec/gcc/x86_64-apple-darwin16.7.0/8.3.0/cc1plus -quiet -v -D__DYNAMIC__ /Applications/CLion.app/Contents/bin/cmake/mac/share/cmake-3.14/Modules/CMakeCXXCompilerABI.cpp -fPIC -quiet -dumpbase CMakeCXXCompilerABI.cpp -mmacosx-version-min=10.12.0 -mtune=core2 -auxbase-strip CMakeFiles/cmTC_67e69.dir/CMakeCXXCompilerABI.cpp.o -std=gnu++11 -version -o /var/folders/zz/zyxvpxvq6csfxvn_n000280w000k07/T//ccfK207D.s
GNU C++11 (Homebrew GCC 8.3.0) version 8.3.0 (x86_64-apple-darwin16.7.0)
	compiled by GNU C version 8.3.0, GMP version 6.1.2, MPFR version 4.0.1, MPC version 1.1.0, isl version isl-0.20-GMP

GGC heuristics: --param ggc-min-expand=100 --param ggc-min-heapsize=131072
ignoring nonexistent directory "/Users/nrouzeva/.brew/Cellar/gcc/8.3.0/lib/gcc/8/gcc/x86_64-apple-darwin16.7.0/8.3.0/../../../../../../x86_64-apple-darwin16.7.0/include"
#include "..." search starts here:
#include <...> search starts here:
 /Users/nrouzeva/.brew/Cellar/gcc/8.3.0/lib/gcc/8/gcc/x86_64-apple-darwin16.7.0/8.3.0/../../../../../../include/c++/8.3.0
 /Users/nrouzeva/.brew/Cellar/gcc/8.3.0/lib/gcc/8/gcc/x86_64-apple-darwin16.7.0/8.3.0/../../../../../../include/c++/8.3.0/x86_64-apple-darwin16.7.0
 /Users/nrouzeva/.brew/Cellar/gcc/8.3.0/lib/gcc/8/gcc/x86_64-apple-darwin16.7.0/8.3.0/../../../../../../include/c++/8.3.0/backward
 /Users/nrouzeva/.brew/Cellar/gcc/8.3.0/lib/gcc/8/gcc/x86_64-apple-darwin16.7.0/8.3.0/include
 /usr/local/include
 /Users/nrouzeva/.brew/Cellar/gcc/8.3.0/include
 /Users/nrouzeva/.brew/Cellar/gcc/8.3.0/lib/gcc/8/gcc/x86_64-apple-darwin16.7.0/8.3.0/include-fixed
 /usr/include
 /System/Library/Frameworks
 /Library/Frameworks
End of search list.
GNU C++11 (Homebrew GCC 8.3.0) version 8.3.0 (x86_64-apple-darwin16.7.0)
	compiled by GNU C version 8.3.0, GMP version 6.1.2, MPFR version 4.0.1, MPC version 1.1.0, isl version isl-0.20-GMP

GGC heuristics: --param ggc-min-expand=100 --param ggc-min-heapsize=131072
Compiler executable checksum: 7883dcd08bab52dc4920362a084b4b3d
COLLECT_GCC_OPTIONS='-v' '-std=gnu++11' '-o' 'CMakeFiles/cmTC_67e69.dir/CMakeCXXCompilerABI.cpp.o' '-c' '-mmacosx-version-min=10.12.0'  '-shared-libgcc' '-mtune=core2'
 as -arch x86_64 -v -force_cpusubtype_ALL -mmacosx-version-min=10.12 -o CMakeFiles/cmTC_67e69.dir/CMakeCXXCompilerABI.cpp.o /var/folders/zz/zyxvpxvq6csfxvn_n000280w000k07/T//ccfK207D.s
Apple LLVM version 9.0.0 (clang-900.0.39.2)
Target: x86_64-apple-darwin16.7.0
Thread model: posix
InstalledDir: /Applications/Xcode.app/Contents/Developer/Toolchains/XcodeDefault.xctoolchain/usr/bin
 "/Applications/Xcode.app/Contents/Developer/Toolchains/XcodeDefault.xctoolchain/usr/bin/clang" -cc1as -triple x86_64-apple-macosx10.12.0 -filetype obj -main-file-name ccfK207D.s -target-cpu penryn -fdebug-compilation-dir /Users/nrouzeva/Documents/42_PJ/Soon_engine/cmake-build-debug/CMakeFiles/CMakeTmp -dwarf-debug-producer Apple LLVM version 9.0.0 (clang-900.0.39.2) -dwarf-version=4 -mrelocation-model pic -o CMakeFiles/cmTC_67e69.dir/CMakeCXXCompilerABI.cpp.o /var/folders/zz/zyxvpxvq6csfxvn_n000280w000k07/T//ccfK207D.s
COMPILER_PATH=/Users/nrouzeva/.brew/Cellar/gcc/8.3.0/libexec/gcc/x86_64-apple-darwin16.7.0/8.3.0/:/Users/nrouzeva/.brew/Cellar/gcc/8.3.0/libexec/gcc/x86_64-apple-darwin16.7.0/8.3.0/:/Users/nrouzeva/.brew/Cellar/gcc/8.3.0/libexec/gcc/x86_64-apple-darwin16.7.0/:/Users/nrouzeva/.brew/Cellar/gcc/8.3.0/lib/gcc/8/gcc/x86_64-apple-darwin16.7.0/8.3.0/:/Users/nrouzeva/.brew/Cellar/gcc/8.3.0/lib/gcc/8/gcc/x86_64-apple-darwin16.7.0/
LIBRARY_PATH=/Users/nrouzeva/.brew/lib/:/Users/nrouzeva/.brew/Cellar/gcc/8.3.0/lib/gcc/8/gcc/x86_64-apple-darwin16.7.0/8.3.0/:/Users/nrouzeva/.brew/Cellar/gcc/8.3.0/lib/gcc/8/gcc/x86_64-apple-darwin16.7.0/8.3.0/../../../
COLLECT_GCC_OPTIONS='-v' '-std=gnu++11' '-o' 'CMakeFiles/cmTC_67e69.dir/CMakeCXXCompilerABI.cpp.o' '-c' '-mmacosx-version-min=10.12.0'  '-shared-libgcc' '-mtune=core2'
Linking CXX executable cmTC_67e69
/Applications/CLion.app/Contents/bin/cmake/mac/bin/cmake -E cmake_link_script CMakeFiles/cmTC_67e69.dir/link.txt --verbose=1
/Users/nrouzeva/.brew/Cellar/gcc/8.3.0/bin/g++-8    -Wl,-search_paths_first -Wl,-headerpad_max_install_names  -v -Wl,-v CMakeFiles/cmTC_67e69.dir/CMakeCXXCompilerABI.cpp.o  -o cmTC_67e69 
Using built-in specs.
COLLECT_GCC=/Users/nrouzeva/.brew/Cellar/gcc/8.3.0/bin/g++-8
COLLECT_LTO_WRAPPER=/Users/nrouzeva/.brew/Cellar/gcc/8.3.0/libexec/gcc/x86_64-apple-darwin16.7.0/8.3.0/lto-wrapper
Target: x86_64-apple-darwin16.7.0
Configured with: ../configure --build=x86_64-apple-darwin16.7.0 --prefix=/Users/nrouzeva/.brew/Cellar/gcc/8.3.0 --libdir=/Users/nrouzeva/.brew/Cellar/gcc/8.3.0/lib/gcc/8 --disable-nls --enable-checking=release --enable-languages=c,c++,objc,obj-c++,fortran --program-suffix=-8 --with-gmp=/Users/nrouzeva/.brew/opt/gmp --with-mpfr=/Users/nrouzeva/.brew/opt/mpfr --with-mpc=/Users/nrouzeva/.brew/opt/libmpc --with-isl=/Users/nrouzeva/.brew/opt/isl --with-system-zlib --with-pkgversion='Homebrew GCC 8.3.0' --with-bugurl=https://github.com/Homebrew/homebrew-core/issues
Thread model: posix
gcc version 8.3.0 (Homebrew GCC 8.3.0) 
COMPILER_PATH=/Users/nrouzeva/.brew/Cellar/gcc/8.3.0/libexec/gcc/x86_64-apple-darwin16.7.0/8.3.0/:/Users/nrouzeva/.brew/Cellar/gcc/8.3.0/libexec/gcc/x86_64-apple-darwin16.7.0/8.3.0/:/Users/nrouzeva/.brew/Cellar/gcc/8.3.0/libexec/gcc/x86_64-apple-darwin16.7.0/:/Users/nrouzeva/.brew/Cellar/gcc/8.3.0/lib/gcc/8/gcc/x86_64-apple-darwin16.7.0/8.3.0/:/Users/nrouzeva/.brew/Cellar/gcc/8.3.0/lib/gcc/8/gcc/x86_64-apple-darwin16.7.0/
LIBRARY_PATH=/Users/nrouzeva/.brew/lib/:/Users/nrouzeva/.brew/Cellar/gcc/8.3.0/lib/gcc/8/gcc/x86_64-apple-darwin16.7.0/8.3.0/:/Users/nrouzeva/.brew/Cellar/gcc/8.3.0/lib/gcc/8/gcc/x86_64-apple-darwin16.7.0/8.3.0/../../../
COLLECT_GCC_OPTIONS='-v' '-o' 'cmTC_67e69' '-mmacosx-version-min=10.12.0' '-asm_macosx_version_min=10.12' '-shared-libgcc' '-mtune=core2'
 /Users/nrouzeva/.brew/Cellar/gcc/8.3.0/libexec/gcc/x86_64-apple-darwin16.7.0/8.3.0/collect2 -dynamic -arch x86_64 -macosx_version_min 10.12.0 -weak_reference_mismatches non-weak -o cmTC_67e69 -L/Users/nrouzeva/.brew/lib -L/Users/nrouzeva/.brew/Cellar/gcc/8.3.0/lib/gcc/8/gcc/x86_64-apple-darwin16.7.0/8.3.0 -L/Users/nrouzeva/.brew/Cellar/gcc/8.3.0/lib/gcc/8/gcc/x86_64-apple-darwin16.7.0/8.3.0/../../.. -search_paths_first -headerpad_max_install_names -v CMakeFiles/cmTC_67e69.dir/CMakeCXXCompilerABI.cpp.o -lstdc++ -no_compact_unwind -lSystem -lgcc_ext.10.5 -lgcc -lSystem -v
collect2 version 8.3.0
/usr/bin/ld -dynamic -arch x86_64 -macosx_version_min 10.12.0 -weak_reference_mismatches non-weak -o cmTC_67e69 -L/Users/nrouzeva/.brew/lib -L/Users/nrouzeva/.brew/Cellar/gcc/8.3.0/lib/gcc/8/gcc/x86_64-apple-darwin16.7.0/8.3.0 -L/Users/nrouzeva/.brew/Cellar/gcc/8.3.0/lib/gcc/8/gcc/x86_64-apple-darwin16.7.0/8.3.0/../../.. -search_paths_first -headerpad_max_install_names -v CMakeFiles/cmTC_67e69.dir/CMakeCXXCompilerABI.cpp.o -lstdc++ -no_compact_unwind -lSystem -lgcc_ext.10.5 -lgcc -lSystem -v
@(#)PROGRAM:ld  PROJECT:ld64-305
configured to support archs: armv6 armv7 armv7s arm64 i386 x86_64 x86_64h armv6m armv7k armv7m armv7em (tvOS)
@(#)PROGRAM:ld  PROJECT:ld64-305
configured to support archs: armv6 armv7 armv7s arm64 i386 x86_64 x86_64h armv6m armv7k armv7m armv7em (tvOS)
Library search paths:
	/Users/nrouzeva/.brew/lib
	/Users/nrouzeva/.brew/Cellar/gcc/8.3.0/lib/gcc/8/gcc/x86_64-apple-darwin16.7.0/8.3.0
	/Users/nrouzeva/.brew/Cellar/gcc/8.3.0/lib/gcc/8
	/usr/lib
	/usr/local/lib
Framework search paths:
	/Library/Frameworks/
	/System/Library/Frameworks/
 /usr/bin/nm -n CMakeFiles/cmTC_67e69.dir/CMakeCXXCompilerABI.cpp.o


Parsed CXX implicit include dir info from above output: rv=done
  found start of include info
  found start of implicit include info
    add: [/Users/nrouzeva/.brew/Cellar/gcc/8.3.0/lib/gcc/8/gcc/x86_64-apple-darwin16.7.0/8.3.0/../../../../../../include/c++/8.3.0]
    add: [/Users/nrouzeva/.brew/Cellar/gcc/8.3.0/lib/gcc/8/gcc/x86_64-apple-darwin16.7.0/8.3.0/../../../../../../include/c++/8.3.0/x86_64-apple-darwin16.7.0]
    add: [/Users/nrouzeva/.brew/Cellar/gcc/8.3.0/lib/gcc/8/gcc/x86_64-apple-darwin16.7.0/8.3.0/../../../../../../include/c++/8.3.0/backward]
    add: [/Users/nrouzeva/.brew/Cellar/gcc/8.3.0/lib/gcc/8/gcc/x86_64-apple-darwin16.7.0/8.3.0/include]
    add: [/usr/local/include]
    add: [/Users/nrouzeva/.brew/Cellar/gcc/8.3.0/include]
    add: [/Users/nrouzeva/.brew/Cellar/gcc/8.3.0/lib/gcc/8/gcc/x86_64-apple-darwin16.7.0/8.3.0/include-fixed]
    add: [/usr/include]
    add: [/System/Library/Frameworks]
    add: [/Library/Frameworks]
  end of search list found
  collapse include dir [/Users/nrouzeva/.brew/Cellar/gcc/8.3.0/lib/gcc/8/gcc/x86_64-apple-darwin16.7.0/8.3.0/../../../../../../include/c++/8.3.0] ==> [/Users/nrouzeva/.brew/Cellar/gcc/8.3.0/include/c++/8.3.0]
  collapse include dir [/Users/nrouzeva/.brew/Cellar/gcc/8.3.0/lib/gcc/8/gcc/x86_64-apple-darwin16.7.0/8.3.0/../../../../../../include/c++/8.3.0/x86_64-apple-darwin16.7.0] ==> [/Users/nrouzeva/.brew/Cellar/gcc/8.3.0/include/c++/8.3.0/x86_64-apple-darwin16.7.0]
  collapse include dir [/Users/nrouzeva/.brew/Cellar/gcc/8.3.0/lib/gcc/8/gcc/x86_64-apple-darwin16.7.0/8.3.0/../../../../../../include/c++/8.3.0/backward] ==> [/Users/nrouzeva/.brew/Cellar/gcc/8.3.0/include/c++/8.3.0/backward]
  collapse include dir [/Users/nrouzeva/.brew/Cellar/gcc/8.3.0/lib/gcc/8/gcc/x86_64-apple-darwin16.7.0/8.3.0/include] ==> [/Users/nrouzeva/.brew/Cellar/gcc/8.3.0/lib/gcc/8/gcc/x86_64-apple-darwin16.7.0/8.3.0/include]
  collapse include dir [/usr/local/include] ==> [/usr/local/include]
  collapse include dir [/Users/nrouzeva/.brew/Cellar/gcc/8.3.0/include] ==> [/Users/nrouzeva/.brew/Cellar/gcc/8.3.0/include]
  collapse include dir [/Users/nrouzeva/.brew/Cellar/gcc/8.3.0/lib/gcc/8/gcc/x86_64-apple-darwin16.7.0/8.3.0/include-fixed] ==> [/Users/nrouzeva/.brew/Cellar/gcc/8.3.0/lib/gcc/8/gcc/x86_64-apple-darwin16.7.0/8.3.0/include-fixed]
  collapse include dir [/usr/include] ==> [/usr/include]
  collapse include dir [/System/Library/Frameworks] ==> [/System/Library/Frameworks]
  collapse include dir [/Library/Frameworks] ==> [/Library/Frameworks]
  implicit include dirs: [/Users/nrouzeva/.brew/Cellar/gcc/8.3.0/include/c++/8.3.0;/Users/nrouzeva/.brew/Cellar/gcc/8.3.0/include/c++/8.3.0/x86_64-apple-darwin16.7.0;/Users/nrouzeva/.brew/Cellar/gcc/8.3.0/include/c++/8.3.0/backward;/Users/nrouzeva/.brew/Cellar/gcc/8.3.0/lib/gcc/8/gcc/x86_64-apple-darwin16.7.0/8.3.0/include;/usr/local/include;/Users/nrouzeva/.brew/Cellar/gcc/8.3.0/include;/Users/nrouzeva/.brew/Cellar/gcc/8.3.0/lib/gcc/8/gcc/x86_64-apple-darwin16.7.0/8.3.0/include-fixed;/usr/include;/System/Library/Frameworks;/Library/Frameworks]


Parsed CXX implicit link information from above output:
  link line regex: [^( *|.*[/\])(ld|CMAKE_LINK_STARTFILE-NOTFOUND|([^/\]+-)?ld|collect2)[^/\]*( |$)]
  ignore line: [Change Dir: /Users/nrouzeva/Documents/42_PJ/Soon_engine/cmake-build-debug/CMakeFiles/CMakeTmp]
  ignore line: []
  ignore line: [Run Build Command(s):/usr/bin/make cmTC_67e69/fast ]
  ignore line: [/Applications/Xcode.app/Contents/Developer/usr/bin/make -f CMakeFiles/cmTC_67e69.dir/build.make CMakeFiles/cmTC_67e69.dir/build]
  ignore line: [Building CXX object CMakeFiles/cmTC_67e69.dir/CMakeCXXCompilerABI.cpp.o]
  ignore line: [/Users/nrouzeva/.brew/Cellar/gcc/8.3.0/bin/g++-8    -v -Wl,-v -std=gnu++11 -o CMakeFiles/cmTC_67e69.dir/CMakeCXXCompilerABI.cpp.o -c /Applications/CLion.app/Contents/bin/cmake/mac/share/cmake-3.14/Modules/CMakeCXXCompilerABI.cpp]
  ignore line: [Using built-in specs.]
  ignore line: [COLLECT_GCC=/Users/nrouzeva/.brew/Cellar/gcc/8.3.0/bin/g++-8]
  ignore line: [Target: x86_64-apple-darwin16.7.0]
  ignore line: [Configured with: ../configure --build=x86_64-apple-darwin16.7.0 --prefix=/Users/nrouzeva/.brew/Cellar/gcc/8.3.0 --libdir=/Users/nrouzeva/.brew/Cellar/gcc/8.3.0/lib/gcc/8 --disable-nls --enable-checking=release --enable-languages=c,c++,objc,obj-c++,fortran --program-suffix=-8 --with-gmp=/Users/nrouzeva/.brew/opt/gmp --with-mpfr=/Users/nrouzeva/.brew/opt/mpfr --with-mpc=/Users/nrouzeva/.brew/opt/libmpc --with-isl=/Users/nrouzeva/.brew/opt/isl --with-system-zlib --with-pkgversion='Homebrew GCC 8.3.0' --with-bugurl=https://github.com/Homebrew/homebrew-core/issues]
  ignore line: [Thread model: posix]
  ignore line: [gcc version 8.3.0 (Homebrew GCC 8.3.0) ]
  ignore line: [COLLECT_GCC_OPTIONS='-v' '-std=gnu++11' '-o' 'CMakeFiles/cmTC_67e69.dir/CMakeCXXCompilerABI.cpp.o' '-c' '-mmacosx-version-min=10.12.0' '-asm_macosx_version_min=10.12' '-shared-libgcc' '-mtune=core2']
  ignore line: [ /Users/nrouzeva/.brew/Cellar/gcc/8.3.0/libexec/gcc/x86_64-apple-darwin16.7.0/8.3.0/cc1plus -quiet -v -D__DYNAMIC__ /Applications/CLion.app/Contents/bin/cmake/mac/share/cmake-3.14/Modules/CMakeCXXCompilerABI.cpp -fPIC -quiet -dumpbase CMakeCXXCompilerABI.cpp -mmacosx-version-min=10.12.0 -mtune=core2 -auxbase-strip CMakeFiles/cmTC_67e69.dir/CMakeCXXCompilerABI.cpp.o -std=gnu++11 -version -o /var/folders/zz/zyxvpxvq6csfxvn_n000280w000k07/T//ccfK207D.s]
  ignore line: [GNU C++11 (Homebrew GCC 8.3.0) version 8.3.0 (x86_64-apple-darwin16.7.0)]
  ignore line: [	compiled by GNU C version 8.3.0, GMP version 6.1.2, MPFR version 4.0.1, MPC version 1.1.0, isl version isl-0.20-GMP]
  ignore line: []
  ignore line: [GGC heuristics: --param ggc-min-expand=100 --param ggc-min-heapsize=131072]
  ignore line: [ignoring nonexistent directory "/Users/nrouzeva/.brew/Cellar/gcc/8.3.0/lib/gcc/8/gcc/x86_64-apple-darwin16.7.0/8.3.0/../../../../../../x86_64-apple-darwin16.7.0/include"]
  ignore line: [#include "..." search starts here:]
  ignore line: [#include <...> search starts here:]
  ignore line: [ /Users/nrouzeva/.brew/Cellar/gcc/8.3.0/lib/gcc/8/gcc/x86_64-apple-darwin16.7.0/8.3.0/../../../../../../include/c++/8.3.0]
  ignore line: [ /Users/nrouzeva/.brew/Cellar/gcc/8.3.0/lib/gcc/8/gcc/x86_64-apple-darwin16.7.0/8.3.0/../../../../../../include/c++/8.3.0/x86_64-apple-darwin16.7.0]
  ignore line: [ /Users/nrouzeva/.brew/Cellar/gcc/8.3.0/lib/gcc/8/gcc/x86_64-apple-darwin16.7.0/8.3.0/../../../../../../include/c++/8.3.0/backward]
  ignore line: [ /Users/nrouzeva/.brew/Cellar/gcc/8.3.0/lib/gcc/8/gcc/x86_64-apple-darwin16.7.0/8.3.0/include]
  ignore line: [ /usr/local/include]
  ignore line: [ /Users/nrouzeva/.brew/Cellar/gcc/8.3.0/include]
  ignore line: [ /Users/nrouzeva/.brew/Cellar/gcc/8.3.0/lib/gcc/8/gcc/x86_64-apple-darwin16.7.0/8.3.0/include-fixed]
  ignore line: [ /usr/include]
  ignore line: [ /System/Library/Frameworks]
  ignore line: [ /Library/Frameworks]
  ignore line: [End of search list.]
  ignore line: [GNU C++11 (Homebrew GCC 8.3.0) version 8.3.0 (x86_64-apple-darwin16.7.0)]
  ignore line: [	compiled by GNU C version 8.3.0, GMP version 6.1.2, MPFR version 4.0.1, MPC version 1.1.0, isl version isl-0.20-GMP]
  ignore line: []
  ignore line: [GGC heuristics: --param ggc-min-expand=100 --param ggc-min-heapsize=131072]
  ignore line: [Compiler executable checksum: 7883dcd08bab52dc4920362a084b4b3d]
  ignore line: [COLLECT_GCC_OPTIONS='-v' '-std=gnu++11' '-o' 'CMakeFiles/cmTC_67e69.dir/CMakeCXXCompilerABI.cpp.o' '-c' '-mmacosx-version-min=10.12.0'  '-shared-libgcc' '-mtune=core2']
  ignore line: [ as -arch x86_64 -v -force_cpusubtype_ALL -mmacosx-version-min=10.12 -o CMakeFiles/cmTC_67e69.dir/CMakeCXXCompilerABI.cpp.o /var/folders/zz/zyxvpxvq6csfxvn_n000280w000k07/T//ccfK207D.s]
  ignore line: [Apple LLVM version 9.0.0 (clang-900.0.39.2)]
  ignore line: [Target: x86_64-apple-darwin16.7.0]
  ignore line: [Thread model: posix]
  ignore line: [InstalledDir: /Applications/Xcode.app/Contents/Developer/Toolchains/XcodeDefault.xctoolchain/usr/bin]
  ignore line: [ "/Applications/Xcode.app/Contents/Developer/Toolchains/XcodeDefault.xctoolchain/usr/bin/clang" -cc1as -triple x86_64-apple-macosx10.12.0 -filetype obj -main-file-name ccfK207D.s -target-cpu penryn -fdebug-compilation-dir /Users/nrouzeva/Documents/42_PJ/Soon_engine/cmake-build-debug/CMakeFiles/CMakeTmp -dwarf-debug-producer Apple LLVM version 9.0.0 (clang-900.0.39.2) -dwarf-version=4 -mrelocation-model pic -o CMakeFiles/cmTC_67e69.dir/CMakeCXXCompilerABI.cpp.o /var/folders/zz/zyxvpxvq6csfxvn_n000280w000k07/T//ccfK207D.s]
  ignore line: [COMPILER_PATH=/Users/nrouzeva/.brew/Cellar/gcc/8.3.0/libexec/gcc/x86_64-apple-darwin16.7.0/8.3.0/:/Users/nrouzeva/.brew/Cellar/gcc/8.3.0/libexec/gcc/x86_64-apple-darwin16.7.0/8.3.0/:/Users/nrouzeva/.brew/Cellar/gcc/8.3.0/libexec/gcc/x86_64-apple-darwin16.7.0/:/Users/nrouzeva/.brew/Cellar/gcc/8.3.0/lib/gcc/8/gcc/x86_64-apple-darwin16.7.0/8.3.0/:/Users/nrouzeva/.brew/Cellar/gcc/8.3.0/lib/gcc/8/gcc/x86_64-apple-darwin16.7.0/]
  ignore line: [LIBRARY_PATH=/Users/nrouzeva/.brew/lib/:/Users/nrouzeva/.brew/Cellar/gcc/8.3.0/lib/gcc/8/gcc/x86_64-apple-darwin16.7.0/8.3.0/:/Users/nrouzeva/.brew/Cellar/gcc/8.3.0/lib/gcc/8/gcc/x86_64-apple-darwin16.7.0/8.3.0/../../../]
  ignore line: [COLLECT_GCC_OPTIONS='-v' '-std=gnu++11' '-o' 'CMakeFiles/cmTC_67e69.dir/CMakeCXXCompilerABI.cpp.o' '-c' '-mmacosx-version-min=10.12.0'  '-shared-libgcc' '-mtune=core2']
  ignore line: [Linking CXX executable cmTC_67e69]
  ignore line: [/Applications/CLion.app/Contents/bin/cmake/mac/bin/cmake -E cmake_link_script CMakeFiles/cmTC_67e69.dir/link.txt --verbose=1]
  ignore line: [/Users/nrouzeva/.brew/Cellar/gcc/8.3.0/bin/g++-8    -Wl,-search_paths_first -Wl,-headerpad_max_install_names  -v -Wl,-v CMakeFiles/cmTC_67e69.dir/CMakeCXXCompilerABI.cpp.o  -o cmTC_67e69 ]
  ignore line: [Using built-in specs.]
  ignore line: [COLLECT_GCC=/Users/nrouzeva/.brew/Cellar/gcc/8.3.0/bin/g++-8]
  ignore line: [COLLECT_LTO_WRAPPER=/Users/nrouzeva/.brew/Cellar/gcc/8.3.0/libexec/gcc/x86_64-apple-darwin16.7.0/8.3.0/lto-wrapper]
  ignore line: [Target: x86_64-apple-darwin16.7.0]
  ignore line: [Configured with: ../configure --build=x86_64-apple-darwin16.7.0 --prefix=/Users/nrouzeva/.brew/Cellar/gcc/8.3.0 --libdir=/Users/nrouzeva/.brew/Cellar/gcc/8.3.0/lib/gcc/8 --disable-nls --enable-checking=release --enable-languages=c,c++,objc,obj-c++,fortran --program-suffix=-8 --with-gmp=/Users/nrouzeva/.brew/opt/gmp --with-mpfr=/Users/nrouzeva/.brew/opt/mpfr --with-mpc=/Users/nrouzeva/.brew/opt/libmpc --with-isl=/Users/nrouzeva/.brew/opt/isl --with-system-zlib --with-pkgversion='Homebrew GCC 8.3.0' --with-bugurl=https://github.com/Homebrew/homebrew-core/issues]
  ignore line: [Thread model: posix]
  ignore line: [gcc version 8.3.0 (Homebrew GCC 8.3.0) ]
  ignore line: [COMPILER_PATH=/Users/nrouzeva/.brew/Cellar/gcc/8.3.0/libexec/gcc/x86_64-apple-darwin16.7.0/8.3.0/:/Users/nrouzeva/.brew/Cellar/gcc/8.3.0/libexec/gcc/x86_64-apple-darwin16.7.0/8.3.0/:/Users/nrouzeva/.brew/Cellar/gcc/8.3.0/libexec/gcc/x86_64-apple-darwin16.7.0/:/Users/nrouzeva/.brew/Cellar/gcc/8.3.0/lib/gcc/8/gcc/x86_64-apple-darwin16.7.0/8.3.0/:/Users/nrouzeva/.brew/Cellar/gcc/8.3.0/lib/gcc/8/gcc/x86_64-apple-darwin16.7.0/]
  ignore line: [LIBRARY_PATH=/Users/nrouzeva/.brew/lib/:/Users/nrouzeva/.brew/Cellar/gcc/8.3.0/lib/gcc/8/gcc/x86_64-apple-darwin16.7.0/8.3.0/:/Users/nrouzeva/.brew/Cellar/gcc/8.3.0/lib/gcc/8/gcc/x86_64-apple-darwin16.7.0/8.3.0/../../../]
  ignore line: [COLLECT_GCC_OPTIONS='-v' '-o' 'cmTC_67e69' '-mmacosx-version-min=10.12.0' '-asm_macosx_version_min=10.12' '-shared-libgcc' '-mtune=core2']
  link line: [ /Users/nrouzeva/.brew/Cellar/gcc/8.3.0/libexec/gcc/x86_64-apple-darwin16.7.0/8.3.0/collect2 -dynamic -arch x86_64 -macosx_version_min 10.12.0 -weak_reference_mismatches non-weak -o cmTC_67e69 -L/Users/nrouzeva/.brew/lib -L/Users/nrouzeva/.brew/Cellar/gcc/8.3.0/lib/gcc/8/gcc/x86_64-apple-darwin16.7.0/8.3.0 -L/Users/nrouzeva/.brew/Cellar/gcc/8.3.0/lib/gcc/8/gcc/x86_64-apple-darwin16.7.0/8.3.0/../../.. -search_paths_first -headerpad_max_install_names -v CMakeFiles/cmTC_67e69.dir/CMakeCXXCompilerABI.cpp.o -lstdc++ -no_compact_unwind -lSystem -lgcc_ext.10.5 -lgcc -lSystem -v]
    arg [/Users/nrouzeva/.brew/Cellar/gcc/8.3.0/libexec/gcc/x86_64-apple-darwin16.7.0/8.3.0/collect2] ==> ignore
    arg [-dynamic] ==> ignore
    arg [-arch] ==> ignore
    arg [x86_64] ==> ignore
    arg [-macosx_version_min] ==> ignore
    arg [10.12.0] ==> ignore
    arg [-weak_reference_mismatches] ==> ignore
    arg [non-weak] ==> ignore
    arg [-o] ==> ignore
    arg [cmTC_67e69] ==> ignore
    arg [-L/Users/nrouzeva/.brew/lib] ==> dir [/Users/nrouzeva/.brew/lib]
    arg [-L/Users/nrouzeva/.brew/Cellar/gcc/8.3.0/lib/gcc/8/gcc/x86_64-apple-darwin16.7.0/8.3.0] ==> dir [/Users/nrouzeva/.brew/Cellar/gcc/8.3.0/lib/gcc/8/gcc/x86_64-apple-darwin16.7.0/8.3.0]
    arg [-L/Users/nrouzeva/.brew/Cellar/gcc/8.3.0/lib/gcc/8/gcc/x86_64-apple-darwin16.7.0/8.3.0/../../..] ==> dir [/Users/nrouzeva/.brew/Cellar/gcc/8.3.0/lib/gcc/8/gcc/x86_64-apple-darwin16.7.0/8.3.0/../../..]
    arg [-search_paths_first] ==> ignore
    arg [-headerpad_max_install_names] ==> ignore
    arg [-v] ==> ignore
    arg [CMakeFiles/cmTC_67e69.dir/CMakeCXXCompilerABI.cpp.o] ==> ignore
    arg [-lstdc++] ==> lib [stdc++]
    arg [-no_compact_unwind] ==> ignore
    arg [-lSystem] ==> lib [System]
    arg [-lgcc_ext.10.5] ==> lib [gcc_ext.10.5]
    arg [-lgcc] ==> lib [gcc]
    arg [-lSystem] ==> lib [System]
    arg [-v] ==> ignore
  Library search paths: [;/Users/nrouzeva/.brew/lib;/Users/nrouzeva/.brew/Cellar/gcc/8.3.0/lib/gcc/8/gcc/x86_64-apple-darwin16.7.0/8.3.0;/Users/nrouzeva/.brew/Cellar/gcc/8.3.0/lib/gcc/8;/usr/lib;/usr/local/lib]
  Framework search paths: [;/Library/Frameworks/;/System/Library/Frameworks/]
  remove lib [System]
  remove lib [System]
  collapse library dir [/Users/nrouzeva/.brew/lib] ==> [/Users/nrouzeva/.brew/lib]
  collapse library dir [/Users/nrouzeva/.brew/Cellar/gcc/8.3.0/lib/gcc/8/gcc/x86_64-apple-darwin16.7.0/8.3.0] ==> [/Users/nrouzeva/.brew/Cellar/gcc/8.3.0/lib/gcc/8/gcc/x86_64-apple-darwin16.7.0/8.3.0]
  collapse library dir [/Users/nrouzeva/.brew/Cellar/gcc/8.3.0/lib/gcc/8/gcc/x86_64-apple-darwin16.7.0/8.3.0/../../..] ==> [/Users/nrouzeva/.brew/Cellar/gcc/8.3.0/lib/gcc/8]
  collapse library dir [/Users/nrouzeva/.brew/lib] ==> [/Users/nrouzeva/.brew/lib]
  collapse library dir [/Users/nrouzeva/.brew/Cellar/gcc/8.3.0/lib/gcc/8/gcc/x86_64-apple-darwin16.7.0/8.3.0] ==> [/Users/nrouzeva/.brew/Cellar/gcc/8.3.0/lib/gcc/8/gcc/x86_64-apple-darwin16.7.0/8.3.0]
  collapse library dir [/Users/nrouzeva/.brew/Cellar/gcc/8.3.0/lib/gcc/8] ==> [/Users/nrouzeva/.brew/Cellar/gcc/8.3.0/lib/gcc/8]
  collapse library dir [/usr/lib] ==> [/usr/lib]
  collapse library dir [/usr/local/lib] ==> [/usr/local/lib]
  collapse framework dir [/Library/Frameworks/] ==> [/Library/Frameworks]
  collapse framework dir [/System/Library/Frameworks/] ==> [/System/Library/Frameworks]
  implicit libs: [stdc++;gcc_ext.10.5;gcc]
  implicit dirs: [/Users/nrouzeva/.brew/lib;/Users/nrouzeva/.brew/Cellar/gcc/8.3.0/lib/gcc/8/gcc/x86_64-apple-darwin16.7.0/8.3.0;/Users/nrouzeva/.brew/Cellar/gcc/8.3.0/lib/gcc/8;/usr/lib;/usr/local/lib]
  implicit fwks: [/Library/Frameworks;/System/Library/Frameworks]




Detecting CXX [-std=c++2a] compiler features compiled with the following output:
Change Dir: /Users/nrouzeva/Documents/42_PJ/Soon_engine/cmake-build-debug/CMakeFiles/CMakeTmp

Run Build Command(s):/usr/bin/make cmTC_7e43c/fast 
/Applications/Xcode.app/Contents/Developer/usr/bin/make -f CMakeFiles/cmTC_7e43c.dir/build.make CMakeFiles/cmTC_7e43c.dir/build
Building CXX object CMakeFiles/cmTC_7e43c.dir/feature_tests.cxx.o
/Users/nrouzeva/.brew/Cellar/gcc/8.3.0/bin/g++-8    -std=c++2a -std=gnu++11 -o CMakeFiles/cmTC_7e43c.dir/feature_tests.cxx.o -c /Users/nrouzeva/Documents/42_PJ/Soon_engine/cmake-build-debug/CMakeFiles/feature_tests.cxx
Linking CXX executable cmTC_7e43c
/Applications/CLion.app/Contents/bin/cmake/mac/bin/cmake -E cmake_link_script CMakeFiles/cmTC_7e43c.dir/link.txt --verbose=1
/Users/nrouzeva/.brew/Cellar/gcc/8.3.0/bin/g++-8    -Wl,-search_paths_first -Wl,-headerpad_max_install_names   CMakeFiles/cmTC_7e43c.dir/feature_tests.cxx.o  -o cmTC_7e43c 


    Feature record: CXX_FEATURE:0cxx_aggregate_default_initializers
    Feature record: CXX_FEATURE:1cxx_alias_templates
    Feature record: CXX_FEATURE:1cxx_alignas
    Feature record: CXX_FEATURE:1cxx_alignof
    Feature record: CXX_FEATURE:1cxx_attributes
    Feature record: CXX_FEATURE:0cxx_attribute_deprecated
    Feature record: CXX_FEATURE:1cxx_auto_type
    Feature record: CXX_FEATURE:0cxx_binary_literals
    Feature record: CXX_FEATURE:1cxx_constexpr
    Feature record: CXX_FEATURE:0cxx_contextual_conversions
    Feature record: CXX_FEATURE:1cxx_decltype
    Feature record: CXX_FEATURE:0cxx_decltype_auto
    Feature record: CXX_FEATURE:1cxx_decltype_incomplete_return_types
    Feature record: CXX_FEATURE:1cxx_default_function_template_args
    Feature record: CXX_FEATURE:1cxx_defaulted_functions
    Feature record: CXX_FEATURE:1cxx_defaulted_move_initializers
    Feature record: CXX_FEATURE:1cxx_delegating_constructors
    Feature record: CXX_FEATURE:1cxx_deleted_functions
    Feature record: CXX_FEATURE:0cxx_digit_separators
    Feature record: CXX_FEATURE:1cxx_enum_forward_declarations
    Feature record: CXX_FEATURE:1cxx_explicit_conversions
    Feature record: CXX_FEATURE:1cxx_extended_friend_declarations
    Feature record: CXX_FEATURE:1cxx_extern_templates
    Feature record: CXX_FEATURE:1cxx_final
    Feature record: CXX_FEATURE:1cxx_func_identifier
    Feature record: CXX_FEATURE:1cxx_generalized_initializers
    Feature record: CXX_FEATURE:0cxx_generic_lambdas
    Feature record: CXX_FEATURE:1cxx_inheriting_constructors
    Feature record: CXX_FEATURE:1cxx_inline_namespaces
    Feature record: CXX_FEATURE:1cxx_lambdas
    Feature record: CXX_FEATURE:0cxx_lambda_init_captures
    Feature record: CXX_FEATURE:1cxx_local_type_template_args
    Feature record: CXX_FEATURE:1cxx_long_long_type
    Feature record: CXX_FEATURE:1cxx_noexcept
    Feature record: CXX_FEATURE:1cxx_nonstatic_member_init
    Feature record: CXX_FEATURE:1cxx_nullptr
    Feature record: CXX_FEATURE:1cxx_override
    Feature record: CXX_FEATURE:1cxx_range_for
    Feature record: CXX_FEATURE:1cxx_raw_string_literals
    Feature record: CXX_FEATURE:1cxx_reference_qualified_functions
    Feature record: CXX_FEATURE:0cxx_relaxed_constexpr
    Feature record: CXX_FEATURE:0cxx_return_type_deduction
    Feature record: CXX_FEATURE:1cxx_right_angle_brackets
    Feature record: CXX_FEATURE:1cxx_rvalue_references
    Feature record: CXX_FEATURE:1cxx_sizeof_member
    Feature record: CXX_FEATURE:1cxx_static_assert
    Feature record: CXX_FEATURE:1cxx_strong_enums
    Feature record: CXX_FEATURE:1cxx_template_template_parameters
    Feature record: CXX_FEATURE:1cxx_thread_local
    Feature record: CXX_FEATURE:1cxx_trailing_return_types
    Feature record: CXX_FEATURE:1cxx_unicode_literals
    Feature record: CXX_FEATURE:1cxx_uniform_initialization
    Feature record: CXX_FEATURE:1cxx_unrestricted_unions
    Feature record: CXX_FEATURE:1cxx_user_literals
    Feature record: CXX_FEATURE:0cxx_variable_templates
    Feature record: CXX_FEATURE:1cxx_variadic_macros
    Feature record: CXX_FEATURE:1cxx_variadic_templates


Detecting CXX [-std=c++17] compiler features compiled with the following output:
Change Dir: /Users/nrouzeva/Documents/42_PJ/Soon_engine/cmake-build-debug/CMakeFiles/CMakeTmp

Run Build Command(s):/usr/bin/make cmTC_54f61/fast 
/Applications/Xcode.app/Contents/Developer/usr/bin/make -f CMakeFiles/cmTC_54f61.dir/build.make CMakeFiles/cmTC_54f61.dir/build
Building CXX object CMakeFiles/cmTC_54f61.dir/feature_tests.cxx.o
/Users/nrouzeva/.brew/Cellar/gcc/8.3.0/bin/g++-8    -std=c++17 -std=gnu++11 -o CMakeFiles/cmTC_54f61.dir/feature_tests.cxx.o -c /Users/nrouzeva/Documents/42_PJ/Soon_engine/cmake-build-debug/CMakeFiles/feature_tests.cxx
Linking CXX executable cmTC_54f61
/Applications/CLion.app/Contents/bin/cmake/mac/bin/cmake -E cmake_link_script CMakeFiles/cmTC_54f61.dir/link.txt --verbose=1
/Users/nrouzeva/.brew/Cellar/gcc/8.3.0/bin/g++-8    -Wl,-search_paths_first -Wl,-headerpad_max_install_names   CMakeFiles/cmTC_54f61.dir/feature_tests.cxx.o  -o cmTC_54f61 


    Feature record: CXX_FEATURE:0cxx_aggregate_default_initializers
    Feature record: CXX_FEATURE:1cxx_alias_templates
    Feature record: CXX_FEATURE:1cxx_alignas
    Feature record: CXX_FEATURE:1cxx_alignof
    Feature record: CXX_FEATURE:1cxx_attributes
    Feature record: CXX_FEATURE:0cxx_attribute_deprecated
    Feature record: CXX_FEATURE:1cxx_auto_type
    Feature record: CXX_FEATURE:0cxx_binary_literals
    Feature record: CXX_FEATURE:1cxx_constexpr
    Feature record: CXX_FEATURE:0cxx_contextual_conversions
    Feature record: CXX_FEATURE:1cxx_decltype
    Feature record: CXX_FEATURE:0cxx_decltype_auto
    Feature record: CXX_FEATURE:1cxx_decltype_incomplete_return_types
    Feature record: CXX_FEATURE:1cxx_default_function_template_args
    Feature record: CXX_FEATURE:1cxx_defaulted_functions
    Feature record: CXX_FEATURE:1cxx_defaulted_move_initializers
    Feature record: CXX_FEATURE:1cxx_delegating_constructors
    Feature record: CXX_FEATURE:1cxx_deleted_functions
    Feature record: CXX_FEATURE:0cxx_digit_separators
    Feature record: CXX_FEATURE:1cxx_enum_forward_declarations
    Feature record: CXX_FEATURE:1cxx_explicit_conversions
    Feature record: CXX_FEATURE:1cxx_extended_friend_declarations
    Feature record: CXX_FEATURE:1cxx_extern_templates
    Feature record: CXX_FEATURE:1cxx_final
    Feature record: CXX_FEATURE:1cxx_func_identifier
    Feature record: CXX_FEATURE:1cxx_generalized_initializers
    Feature record: CXX_FEATURE:0cxx_generic_lambdas
    Feature record: CXX_FEATURE:1cxx_inheriting_constructors
    Feature record: CXX_FEATURE:1cxx_inline_namespaces
    Feature record: CXX_FEATURE:1cxx_lambdas
    Feature record: CXX_FEATURE:0cxx_lambda_init_captures
    Feature record: CXX_FEATURE:1cxx_local_type_template_args
    Feature record: CXX_FEATURE:1cxx_long_long_type
    Feature record: CXX_FEATURE:1cxx_noexcept
    Feature record: CXX_FEATURE:1cxx_nonstatic_member_init
    Feature record: CXX_FEATURE:1cxx_nullptr
    Feature record: CXX_FEATURE:1cxx_override
    Feature record: CXX_FEATURE:1cxx_range_for
    Feature record: CXX_FEATURE:1cxx_raw_string_literals
    Feature record: CXX_FEATURE:1cxx_reference_qualified_functions
    Feature record: CXX_FEATURE:0cxx_relaxed_constexpr
    Feature record: CXX_FEATURE:0cxx_return_type_deduction
    Feature record: CXX_FEATURE:1cxx_right_angle_brackets
    Feature record: CXX_FEATURE:1cxx_rvalue_references
    Feature record: CXX_FEATURE:1cxx_sizeof_member
    Feature record: CXX_FEATURE:1cxx_static_assert
    Feature record: CXX_FEATURE:1cxx_strong_enums
    Feature record: CXX_FEATURE:1cxx_template_template_parameters
    Feature record: CXX_FEATURE:1cxx_thread_local
    Feature record: CXX_FEATURE:1cxx_trailing_return_types
    Feature record: CXX_FEATURE:1cxx_unicode_literals
    Feature record: CXX_FEATURE:1cxx_uniform_initialization
    Feature record: CXX_FEATURE:1cxx_unrestricted_unions
    Feature record: CXX_FEATURE:1cxx_user_literals
    Feature record: CXX_FEATURE:0cxx_variable_templates
    Feature record: CXX_FEATURE:1cxx_variadic_macros
    Feature record: CXX_FEATURE:1cxx_variadic_templates


Detecting CXX [-std=c++14] compiler features compiled with the following output:
Change Dir: /Users/nrouzeva/Documents/42_PJ/Soon_engine/cmake-build-debug/CMakeFiles/CMakeTmp

Run Build Command(s):/usr/bin/make cmTC_1f71b/fast 
/Applications/Xcode.app/Contents/Developer/usr/bin/make -f CMakeFiles/cmTC_1f71b.dir/build.make CMakeFiles/cmTC_1f71b.dir/build
Building CXX object CMakeFiles/cmTC_1f71b.dir/feature_tests.cxx.o
/Users/nrouzeva/.brew/Cellar/gcc/8.3.0/bin/g++-8    -std=c++14 -std=gnu++11 -o CMakeFiles/cmTC_1f71b.dir/feature_tests.cxx.o -c /Users/nrouzeva/Documents/42_PJ/Soon_engine/cmake-build-debug/CMakeFiles/feature_tests.cxx
Linking CXX executable cmTC_1f71b
/Applications/CLion.app/Contents/bin/cmake/mac/bin/cmake -E cmake_link_script CMakeFiles/cmTC_1f71b.dir/link.txt --verbose=1
/Users/nrouzeva/.brew/Cellar/gcc/8.3.0/bin/g++-8    -Wl,-search_paths_first -Wl,-headerpad_max_install_names   CMakeFiles/cmTC_1f71b.dir/feature_tests.cxx.o  -o cmTC_1f71b 


    Feature record: CXX_FEATURE:0cxx_aggregate_default_initializers
    Feature record: CXX_FEATURE:1cxx_alias_templates
    Feature record: CXX_FEATURE:1cxx_alignas
    Feature record: CXX_FEATURE:1cxx_alignof
    Feature record: CXX_FEATURE:1cxx_attributes
    Feature record: CXX_FEATURE:0cxx_attribute_deprecated
    Feature record: CXX_FEATURE:1cxx_auto_type
    Feature record: CXX_FEATURE:0cxx_binary_literals
    Feature record: CXX_FEATURE:1cxx_constexpr
    Feature record: CXX_FEATURE:0cxx_contextual_conversions
    Feature record: CXX_FEATURE:1cxx_decltype
    Feature record: CXX_FEATURE:0cxx_decltype_auto
    Feature record: CXX_FEATURE:1cxx_decltype_incomplete_return_types
    Feature record: CXX_FEATURE:1cxx_default_function_template_args
    Feature record: CXX_FEATURE:1cxx_defaulted_functions
    Feature record: CXX_FEATURE:1cxx_defaulted_move_initializers
    Feature record: CXX_FEATURE:1cxx_delegating_constructors
    Feature record: CXX_FEATURE:1cxx_deleted_functions
    Feature record: CXX_FEATURE:0cxx_digit_separators
    Feature record: CXX_FEATURE:1cxx_enum_forward_declarations
    Feature record: CXX_FEATURE:1cxx_explicit_conversions
    Feature record: CXX_FEATURE:1cxx_extended_friend_declarations
    Feature record: CXX_FEATURE:1cxx_extern_templates
    Feature record: CXX_FEATURE:1cxx_final
    Feature record: CXX_FEATURE:1cxx_func_identifier
    Feature record: CXX_FEATURE:1cxx_generalized_initializers
    Feature record: CXX_FEATURE:0cxx_generic_lambdas
    Feature record: CXX_FEATURE:1cxx_inheriting_constructors
    Feature record: CXX_FEATURE:1cxx_inline_namespaces
    Feature record: CXX_FEATURE:1cxx_lambdas
    Feature record: CXX_FEATURE:0cxx_lambda_init_captures
    Feature record: CXX_FEATURE:1cxx_local_type_template_args
    Feature record: CXX_FEATURE:1cxx_long_long_type
    Feature record: CXX_FEATURE:1cxx_noexcept
    Feature record: CXX_FEATURE:1cxx_nonstatic_member_init
    Feature record: CXX_FEATURE:1cxx_nullptr
    Feature record: CXX_FEATURE:1cxx_override
    Feature record: CXX_FEATURE:1cxx_range_for
    Feature record: CXX_FEATURE:1cxx_raw_string_literals
    Feature record: CXX_FEATURE:1cxx_reference_qualified_functions
    Feature record: CXX_FEATURE:0cxx_relaxed_constexpr
    Feature record: CXX_FEATURE:0cxx_return_type_deduction
    Feature record: CXX_FEATURE:1cxx_right_angle_brackets
    Feature record: CXX_FEATURE:1cxx_rvalue_references
    Feature record: CXX_FEATURE:1cxx_sizeof_member
    Feature record: CXX_FEATURE:1cxx_static_assert
    Feature record: CXX_FEATURE:1cxx_strong_enums
    Feature record: CXX_FEATURE:1cxx_template_template_parameters
    Feature record: CXX_FEATURE:1cxx_thread_local
    Feature record: CXX_FEATURE:1cxx_trailing_return_types
    Feature record: CXX_FEATURE:1cxx_unicode_literals
    Feature record: CXX_FEATURE:1cxx_uniform_initialization
    Feature record: CXX_FEATURE:1cxx_unrestricted_unions
    Feature record: CXX_FEATURE:1cxx_user_literals
    Feature record: CXX_FEATURE:0cxx_variable_templates
    Feature record: CXX_FEATURE:1cxx_variadic_macros
    Feature record: CXX_FEATURE:1cxx_variadic_templates


Detecting CXX [-std=c++11] compiler features compiled with the following output:
Change Dir: /Users/nrouzeva/Documents/42_PJ/Soon_engine/cmake-build-debug/CMakeFiles/CMakeTmp

Run Build Command(s):/usr/bin/make cmTC_22d6e/fast 
/Applications/Xcode.app/Contents/Developer/usr/bin/make -f CMakeFiles/cmTC_22d6e.dir/build.make CMakeFiles/cmTC_22d6e.dir/build
Building CXX object CMakeFiles/cmTC_22d6e.dir/feature_tests.cxx.o
/Users/nrouzeva/.brew/Cellar/gcc/8.3.0/bin/g++-8    -std=c++11 -std=gnu++11 -o CMakeFiles/cmTC_22d6e.dir/feature_tests.cxx.o -c /Users/nrouzeva/Documents/42_PJ/Soon_engine/cmake-build-debug/CMakeFiles/feature_tests.cxx
Linking CXX executable cmTC_22d6e
/Applications/CLion.app/Contents/bin/cmake/mac/bin/cmake -E cmake_link_script CMakeFiles/cmTC_22d6e.dir/link.txt --verbose=1
/Users/nrouzeva/.brew/Cellar/gcc/8.3.0/bin/g++-8    -Wl,-search_paths_first -Wl,-headerpad_max_install_names   CMakeFiles/cmTC_22d6e.dir/feature_tests.cxx.o  -o cmTC_22d6e 


    Feature record: CXX_FEATURE:0cxx_aggregate_default_initializers
    Feature record: CXX_FEATURE:1cxx_alias_templates
    Feature record: CXX_FEATURE:1cxx_alignas
    Feature record: CXX_FEATURE:1cxx_alignof
    Feature record: CXX_FEATURE:1cxx_attributes
    Feature record: CXX_FEATURE:0cxx_attribute_deprecated
    Feature record: CXX_FEATURE:1cxx_auto_type
    Feature record: CXX_FEATURE:0cxx_binary_literals
    Feature record: CXX_FEATURE:1cxx_constexpr
    Feature record: CXX_FEATURE:0cxx_contextual_conversions
    Feature record: CXX_FEATURE:1cxx_decltype
    Feature record: CXX_FEATURE:0cxx_decltype_auto
    Feature record: CXX_FEATURE:1cxx_decltype_incomplete_return_types
    Feature record: CXX_FEATURE:1cxx_default_function_template_args
    Feature record: CXX_FEATURE:1cxx_defaulted_functions
    Feature record: CXX_FEATURE:1cxx_defaulted_move_initializers
    Feature record: CXX_FEATURE:1cxx_delegating_constructors
    Feature record: CXX_FEATURE:1cxx_deleted_functions
    Feature record: CXX_FEATURE:0cxx_digit_separators
    Feature record: CXX_FEATURE:1cxx_enum_forward_declarations
    Feature record: CXX_FEATURE:1cxx_explicit_conversions
    Feature record: CXX_FEATURE:1cxx_extended_friend_declarations
    Feature record: CXX_FEATURE:1cxx_extern_templates
    Feature record: CXX_FEATURE:1cxx_final
    Feature record: CXX_FEATURE:1cxx_func_identifier
    Feature record: CXX_FEATURE:1cxx_generalized_initializers
    Feature record: CXX_FEATURE:0cxx_generic_lambdas
    Feature record: CXX_FEATURE:1cxx_inheriting_constructors
    Feature record: CXX_FEATURE:1cxx_inline_namespaces
    Feature record: CXX_FEATURE:1cxx_lambdas
    Feature record: CXX_FEATURE:0cxx_lambda_init_captures
    Feature record: CXX_FEATURE:1cxx_local_type_template_args
    Feature record: CXX_FEATURE:1cxx_long_long_type
    Feature record: CXX_FEATURE:1cxx_noexcept
    Feature record: CXX_FEATURE:1cxx_nonstatic_member_init
    Feature record: CXX_FEATURE:1cxx_nullptr
    Feature record: CXX_FEATURE:1cxx_override
    Feature record: CXX_FEATURE:1cxx_range_for
    Feature record: CXX_FEATURE:1cxx_raw_string_literals
    Feature record: CXX_FEATURE:1cxx_reference_qualified_functions
    Feature record: CXX_FEATURE:0cxx_relaxed_constexpr
    Feature record: CXX_FEATURE:0cxx_return_type_deduction
    Feature record: CXX_FEATURE:1cxx_right_angle_brackets
    Feature record: CXX_FEATURE:1cxx_rvalue_references
    Feature record: CXX_FEATURE:1cxx_sizeof_member
    Feature record: CXX_FEATURE:1cxx_static_assert
    Feature record: CXX_FEATURE:1cxx_strong_enums
    Feature record: CXX_FEATURE:1cxx_template_template_parameters
    Feature record: CXX_FEATURE:1cxx_thread_local
    Feature record: CXX_FEATURE:1cxx_trailing_return_types
    Feature record: CXX_FEATURE:1cxx_unicode_literals
    Feature record: CXX_FEATURE:1cxx_uniform_initialization
    Feature record: CXX_FEATURE:1cxx_unrestricted_unions
    Feature record: CXX_FEATURE:1cxx_user_literals
    Feature record: CXX_FEATURE:0cxx_variable_templates
    Feature record: CXX_FEATURE:1cxx_variadic_macros
    Feature record: CXX_FEATURE:1cxx_variadic_templates


Detecting CXX [-std=c++98] compiler features compiled with the following output:
Change Dir: /Users/nrouzeva/Documents/42_PJ/Soon_engine/cmake-build-debug/CMakeFiles/CMakeTmp

Run Build Command(s):/usr/bin/make cmTC_0a6e8/fast 
/Applications/Xcode.app/Contents/Developer/usr/bin/make -f CMakeFiles/cmTC_0a6e8.dir/build.make CMakeFiles/cmTC_0a6e8.dir/build
Building CXX object CMakeFiles/cmTC_0a6e8.dir/feature_tests.cxx.o
/Users/nrouzeva/.brew/Cellar/gcc/8.3.0/bin/g++-8    -std=c++98 -std=gnu++11 -o CMakeFiles/cmTC_0a6e8.dir/feature_tests.cxx.o -c /Users/nrouzeva/Documents/42_PJ/Soon_engine/cmake-build-debug/CMakeFiles/feature_tests.cxx
Linking CXX executable cmTC_0a6e8
/Applications/CLion.app/Contents/bin/cmake/mac/bin/cmake -E cmake_link_script CMakeFiles/cmTC_0a6e8.dir/link.txt --verbose=1
/Users/nrouzeva/.brew/Cellar/gcc/8.3.0/bin/g++-8    -Wl,-search_paths_first -Wl,-headerpad_max_install_names   CMakeFiles/cmTC_0a6e8.dir/feature_tests.cxx.o  -o cmTC_0a6e8 


    Feature record: CXX_FEATURE:0cxx_aggregate_default_initializers
    Feature record: CXX_FEATURE:1cxx_alias_templates
    Feature record: CXX_FEATURE:1cxx_alignas
    Feature record: CXX_FEATURE:1cxx_alignof
    Feature record: CXX_FEATURE:1cxx_attributes
    Feature record: CXX_FEATURE:0cxx_attribute_deprecated
    Feature record: CXX_FEATURE:1cxx_auto_type
    Feature record: CXX_FEATURE:0cxx_binary_literals
    Feature record: CXX_FEATURE:1cxx_constexpr
    Feature record: CXX_FEATURE:0cxx_contextual_conversions
    Feature record: CXX_FEATURE:1cxx_decltype
    Feature record: CXX_FEATURE:0cxx_decltype_auto
    Feature record: CXX_FEATURE:1cxx_decltype_incomplete_return_types
    Feature record: CXX_FEATURE:1cxx_default_function_template_args
    Feature record: CXX_FEATURE:1cxx_defaulted_functions
    Feature record: CXX_FEATURE:1cxx_defaulted_move_initializers
    Feature record: CXX_FEATURE:1cxx_delegating_constructors
    Feature record: CXX_FEATURE:1cxx_deleted_functions
    Feature record: CXX_FEATURE:0cxx_digit_separators
    Feature record: CXX_FEATURE:1cxx_enum_forward_declarations
    Feature record: CXX_FEATURE:1cxx_explicit_conversions
    Feature record: CXX_FEATURE:1cxx_extended_friend_declarations
    Feature record: CXX_FEATURE:1cxx_extern_templates
    Feature record: CXX_FEATURE:1cxx_final
    Feature record: CXX_FEATURE:1cxx_func_identifier
    Feature record: CXX_FEATURE:1cxx_generalized_initializers
    Feature record: CXX_FEATURE:0cxx_generic_lambdas
    Feature record: CXX_FEATURE:1cxx_inheriting_constructors
    Feature record: CXX_FEATURE:1cxx_inline_namespaces
    Feature record: CXX_FEATURE:1cxx_lambdas
    Feature record: CXX_FEATURE:0cxx_lambda_init_captures
    Feature record: CXX_FEATURE:1cxx_local_type_template_args
    Feature record: CXX_FEATURE:1cxx_long_long_type
    Feature record: CXX_FEATURE:1cxx_noexcept
    Feature record: CXX_FEATURE:1cxx_nonstatic_member_init
    Feature record: CXX_FEATURE:1cxx_nullptr
    Feature record: CXX_FEATURE:1cxx_override
    Feature record: CXX_FEATURE:1cxx_range_for
    Feature record: CXX_FEATURE:1cxx_raw_string_literals
    Feature record: CXX_FEATURE:1cxx_reference_qualified_functions
    Feature record: CXX_FEATURE:0cxx_relaxed_constexpr
    Feature record: CXX_FEATURE:0cxx_return_type_deduction
    Feature record: CXX_FEATURE:1cxx_right_angle_brackets
    Feature record: CXX_FEATURE:1cxx_rvalue_references
    Feature record: CXX_FEATURE:1cxx_sizeof_member
    Feature record: CXX_FEATURE:1cxx_static_assert
    Feature record: CXX_FEATURE:1cxx_strong_enums
    Feature record: CXX_FEATURE:1cxx_template_template_parameters
    Feature record: CXX_FEATURE:1cxx_thread_local
    Feature record: CXX_FEATURE:1cxx_trailing_return_types
    Feature record: CXX_FEATURE:1cxx_unicode_literals
    Feature record: CXX_FEATURE:1cxx_uniform_initialization
    Feature record: CXX_FEATURE:1cxx_unrestricted_unions
    Feature record: CXX_FEATURE:1cxx_user_literals
    Feature record: CXX_FEATURE:0cxx_variable_templates
    Feature record: CXX_FEATURE:1cxx_variadic_macros
    Feature record: CXX_FEATURE:1cxx_variadic_templates
Determining if the include file pthread.h exists passed with the following output:
Change Dir: /Users/nrouzeva/Documents/42_PJ/Soon_engine/cmake-build-debug/CMakeFiles/CMakeTmp

Run Build Command(s):/usr/bin/make cmTC_2cbd4/fast 
/Applications/Xcode.app/Contents/Developer/usr/bin/make -f CMakeFiles/cmTC_2cbd4.dir/build.make CMakeFiles/cmTC_2cbd4.dir/build
Building C object CMakeFiles/cmTC_2cbd4.dir/CheckIncludeFile.c.o
/Applications/Xcode.app/Contents/Developer/Toolchains/XcodeDefault.xctoolchain/usr/bin/cc    -o CMakeFiles/cmTC_2cbd4.dir/CheckIncludeFile.c.o   -c /Users/nrouzeva/Documents/42_PJ/Soon_engine/cmake-build-debug/CMakeFiles/CMakeTmp/CheckIncludeFile.c
Linking C executable cmTC_2cbd4
/Applications/CLion.app/Contents/bin/cmake/mac/bin/cmake -E cmake_link_script CMakeFiles/cmTC_2cbd4.dir/link.txt --verbose=1
/Applications/Xcode.app/Contents/Developer/Toolchains/XcodeDefault.xctoolchain/usr/bin/cc   -Wl,-search_paths_first -Wl,-headerpad_max_install_names   CMakeFiles/cmTC_2cbd4.dir/CheckIncludeFile.c.o  -o cmTC_2cbd4 


Determining if the pthread_create exist passed with the following output:
Change Dir: /Users/nrouzeva/Documents/42_PJ/Soon_engine/cmake-build-debug/CMakeFiles/CMakeTmp

Run Build Command(s):/usr/bin/make cmTC_bd1d9/fast 
/Applications/Xcode.app/Contents/Developer/usr/bin/make -f CMakeFiles/cmTC_bd1d9.dir/build.make CMakeFiles/cmTC_bd1d9.dir/build
Building C object CMakeFiles/cmTC_bd1d9.dir/CheckSymbolExists.c.o
/Applications/Xcode.app/Contents/Developer/Toolchains/XcodeDefault.xctoolchain/usr/bin/cc    -o CMakeFiles/cmTC_bd1d9.dir/CheckSymbolExists.c.o   -c /Users/nrouzeva/Documents/42_PJ/Soon_engine/cmake-build-debug/CMakeFiles/CMakeTmp/CheckSymbolExists.c
Linking C executable cmTC_bd1d9
/Applications/CLion.app/Contents/bin/cmake/mac/bin/cmake -E cmake_link_script CMakeFiles/cmTC_bd1d9.dir/link.txt --verbose=1
/Applications/Xcode.app/Contents/Developer/Toolchains/XcodeDefault.xctoolchain/usr/bin/cc   -Wl,-search_paths_first -Wl,-headerpad_max_install_names   CMakeFiles/cmTC_bd1d9.dir/CheckSymbolExists.c.o  -o cmTC_bd1d9 

File /Users/nrouzeva/Documents/42_PJ/Soon_engine/cmake-build-debug/CMakeFiles/CMakeTmp/CheckSymbolExists.c:
/* */
#include <pthread.h>

int main(int argc, char** argv)
{
  (void)argv;
#ifndef pthread_create
  return ((int*)(&pthread_create))[argc];
#else
  (void)argc;
  return 0;
#endif
}

